android/app/build/intermediates/manifest_merge_blame_file/debug/manifest-merger-blame-debug-report.txt
1<?xml version="1.0" encoding="utf-8"?>
2<manifest xmlns:android="http://schemas.android.com/apk/res/android"
3    package="com.fintrackvirtualtech"
4    android:versionCode="1"
5    android:versionName="1.0" >
6
7    <uses-sdk
8        android:minSdkVersion="21"
9        android:targetSdkVersion="34" />
10
11    <uses-permission android:name="android.permission.INTERNET" />
11-->src/main/AndroidManifest.xml:3:5-67
11-->src/main/AndroidManifest.xml:3:22-64
12    <uses-permission android:name="android.permission.CAMERA" />
12-->src/main/AndroidManifest.xml:4:5-65
12-->src/main/AndroidManifest.xml:4:22-62
13
14    <uses-feature
14-->src/main/AndroidManifest.xml:5:5-84
15        android:name="android.hardware.camera"
15-->src/main/AndroidManifest.xml:5:19-57
16        android:required="true" />
16-->src/main/AndroidManifest.xml:5:58-81
17    <uses-feature
17-->src/main/AndroidManifest.xml:6:5-95
18        android:name="android.hardware.camera.autofocus"
18-->src/main/AndroidManifest.xml:6:19-67
19        android:required="false" />
19-->src/main/AndroidManifest.xml:6:68-92
20
21    <uses-permission android:name="android.permission.WRITE_EXTERNAL_STORAGE" />
21-->[:react-native-fs] AndroidManifest.xml:7:5-81
21-->[:react-native-fs] AndroidManifest.xml:7:22-78
22    <uses-permission android:name="android.permission.READ_EXTERNAL_STORAGE" />
23    <uses-permission android:name="android.permission.USE_BIOMETRIC" />
23-->[:react-native-keychain] AndroidManifest.xml:7:5-72
23-->[:react-native-keychain] AndroidManifest.xml:7:22-69
24    <uses-permission android:name="android.permission.USE_FINGERPRINT" />
24-->[:react-native-keychain] AndroidManifest.xml:8:5-74
24-->[:react-native-keychain] AndroidManifest.xml:8:22-71
25    <!--
26    This manifest file is used only by Gradle to configure debug-only capabilities
27    for React Native Apps.
28    -->
29    <uses-permission android:name="android.permission.SYSTEM_ALERT_WINDOW" />
29-->[com.facebook.react:react-android:0.73.6] AndroidManifest.xml:16:5-78
29-->[com.facebook.react:react-android:0.73.6] AndroidManifest.xml:16:22-75
30    <uses-permission android:name="android.permission.ACCESS_WIFI_STATE" /> <!-- Required by older versions of Google Play services to create IID tokens -->
30-->[com.facebook.flipper:flipper:0.201.0] AndroidManifest.xml:14:5-76
30-->[com.facebook.flipper:flipper:0.201.0] AndroidManifest.xml:14:22-73
31    <uses-permission android:name="com.google.android.c2dm.permission.RECEIVE" />
31-->[com.google.android.gms:play-services-iid:17.0.0] AndroidManifest.xml:23:5-82
31-->[com.google.android.gms:play-services-iid:17.0.0] AndroidManifest.xml:23:22-79
32
33    <permission
33-->[androidx.core:core:1.13.1] AndroidManifest.xml:22:5-24:47
34        android:name="com.fintrackvirtualtech.DYNAMIC_RECEIVER_NOT_EXPORTED_PERMISSION"
34-->[androidx.core:core:1.13.1] AndroidManifest.xml:23:9-81
35        android:protectionLevel="signature" />
35-->[androidx.core:core:1.13.1] AndroidManifest.xml:24:9-44
36
37    <uses-permission android:name="com.fintrackvirtualtech.DYNAMIC_RECEIVER_NOT_EXPORTED_PERMISSION" /> <!-- Although the *SdkVersion is captured in gradle build files, this is required for non gradle builds -->
37-->[androidx.core:core:1.13.1] AndroidManifest.xml:26:5-97
37-->[androidx.core:core:1.13.1] AndroidManifest.xml:26:22-94
38    <!-- <uses-sdk android:minSdkVersion="14"/> -->
39    <uses-permission android:name="android.permission.ACCESS_NETWORK_STATE" />
39-->[com.google.android.datatransport:transport-backend-cct:2.3.3] AndroidManifest.xml:25:5-79
39-->[com.google.android.datatransport:transport-backend-cct:2.3.3] AndroidManifest.xml:25:22-76
40    <uses-permission android:name="com.google.android.finsky.permission.BIND_GET_INSTALL_REFERRER_SERVICE" />
40-->[com.android.installreferrer:installreferrer:1.1.2] AndroidManifest.xml:9:5-110
40-->[com.android.installreferrer:installreferrer:1.1.2] AndroidManifest.xml:9:22-107
41
42    <application
42-->src/main/AndroidManifest.xml:8:5-27:19
43        android:name="com.fintrackvirtualtech.MainApplication"
43-->src/main/AndroidManifest.xml:9:7-38
44        android:allowBackup="false"
44-->src/main/AndroidManifest.xml:12:7-34
45        android:appComponentFactory="androidx.core.app.CoreComponentFactory"
45-->[androidx.core:core:1.13.1] AndroidManifest.xml:28:18-86
46        android:debuggable="true"
47        android:extractNativeLibs="true"
48        android:icon="@mipmap/ic_launcher"
48-->src/main/AndroidManifest.xml:11:7-41
49        android:label="@string/app_name"
49-->src/main/AndroidManifest.xml:10:7-39
50        android:theme="@style/AppTheme"
50-->src/main/AndroidManifest.xml:13:7-38
51        android:usesCleartextTraffic="true" >
51-->src/debug/AndroidManifest.xml:6:9-44
52        <activity
52-->src/main/AndroidManifest.xml:15:7-26:18
53            android:name="com.fintrackvirtualtech.MainActivity"
53-->src/main/AndroidManifest.xml:16:9-37
54            android:configChanges="keyboard|keyboardHidden|orientation|screenLayout|screenSize|smallestScreenSize|uiMode"
54-->src/main/AndroidManifest.xml:18:9-118
55            android:exported="true"
55-->src/main/AndroidManifest.xml:21:9-32
56            android:label="@string/app_name"
56-->src/main/AndroidManifest.xml:17:9-41
57            android:launchMode="singleTask"
57-->src/main/AndroidManifest.xml:19:9-40
58            android:windowSoftInputMode="adjustResize" >
58-->src/main/AndroidManifest.xml:20:9-51
59            <intent-filter>
59-->src/main/AndroidManifest.xml:22:9-25:25
60                <action android:name="android.intent.action.MAIN" />
60-->src/main/AndroidManifest.xml:23:13-65
60-->src/main/AndroidManifest.xml:23:21-62
61
62                <category android:name="android.intent.category.LAUNCHER" />
62-->src/main/AndroidManifest.xml:24:13-73
62-->src/main/AndroidManifest.xml:24:23-70
63            </intent-filter>
64        </activity>
65
66        <provider
66-->[:react-native-image-picker] AndroidManifest.xml:8:9-16:20
67            android:name="com.imagepicker.ImagePickerProvider"
67-->[:react-native-image-picker] AndroidManifest.xml:9:13-63
68            android:authorities="com.fintrackvirtualtech.imagepickerprovider"
68-->[:react-native-image-picker] AndroidManifest.xml:10:13-71
69            android:exported="false"
69-->[:react-native-image-picker] AndroidManifest.xml:11:13-37
70            android:grantUriPermissions="true" >
70-->[:react-native-image-picker] AndroidManifest.xml:12:13-47
71            <meta-data
71-->[:react-native-image-picker] AndroidManifest.xml:13:13-15:70
72                android:name="android.support.FILE_PROVIDER_PATHS"
72-->[:react-native-image-picker] AndroidManifest.xml:14:17-67
73                android:resource="@xml/imagepicker_provider_paths" />
73-->[:react-native-image-picker] AndroidManifest.xml:15:17-67
74        </provider>
75        <provider
75-->[:react-native-share] AndroidManifest.xml:8:9-16:20
76            android:name="cl.json.RNShareFileProvider"
76-->[:react-native-share] AndroidManifest.xml:9:13-55
77            android:authorities="com.fintrackvirtualtech.rnshare.fileprovider"
77-->[:react-native-share] AndroidManifest.xml:10:13-72
78            android:exported="false"
78-->[:react-native-share] AndroidManifest.xml:11:13-37
79            android:grantUriPermissions="true" >
79-->[:react-native-share] AndroidManifest.xml:12:13-47
80            <meta-data
80-->[:react-native-image-picker] AndroidManifest.xml:13:13-15:70
81                android:name="android.support.FILE_PROVIDER_PATHS"
81-->[:react-native-image-picker] AndroidManifest.xml:14:17-67
82                android:resource="@xml/share_download_paths" />
82-->[:react-native-image-picker] AndroidManifest.xml:15:17-67
83        </provider>
84
85        <activity
85-->[com.facebook.react:react-android:0.73.6] AndroidManifest.xml:19:9-21:40
86            android:name="com.facebook.react.devsupport.DevSettingsActivity"
86-->[com.facebook.react:react-android:0.73.6] AndroidManifest.xml:20:13-77
87            android:exported="false" />
87-->[com.facebook.react:react-android:0.73.6] AndroidManifest.xml:21:13-37
88
89        <service
89-->[com.google.android.gms:play-services-mlkit-barcode-scanning:18.3.0] AndroidManifest.xml:9:9-15:19
90            android:name="com.google.mlkit.common.internal.MlKitComponentDiscoveryService"
90-->[com.google.android.gms:play-services-mlkit-barcode-scanning:18.3.0] AndroidManifest.xml:10:13-91
91            android:directBootAware="true"
91-->[com.google.mlkit:common:18.9.0] AndroidManifest.xml:17:13-43
92            android:exported="false" >
92-->[com.google.android.gms:play-services-mlkit-barcode-scanning:18.3.0] AndroidManifest.xml:11:13-37
93            <meta-data
93-->[com.google.android.gms:play-services-mlkit-barcode-scanning:18.3.0] AndroidManifest.xml:12:13-14:85
94                android:name="com.google.firebase.components:com.google.mlkit.vision.barcode.internal.BarcodeRegistrar"
94-->[com.google.android.gms:play-services-mlkit-barcode-scanning:18.3.0] AndroidManifest.xml:13:17-120
95                android:value="com.google.firebase.components.ComponentRegistrar" />
95-->[com.google.android.gms:play-services-mlkit-barcode-scanning:18.3.0] AndroidManifest.xml:14:17-82
96            <meta-data
96-->[com.google.android.gms:play-services-mlkit-face-detection:16.2.0] AndroidManifest.xml:12:13-14:85
97                android:name="com.google.firebase.components:com.google.mlkit.vision.face.internal.FaceRegistrar"
97-->[com.google.android.gms:play-services-mlkit-face-detection:16.2.0] AndroidManifest.xml:13:17-114
98                android:value="com.google.firebase.components.ComponentRegistrar" />
98-->[com.google.android.gms:play-services-mlkit-face-detection:16.2.0] AndroidManifest.xml:14:17-82
99            <meta-data
99-->[com.google.android.gms:play-services-mlkit-text-recognition:16.3.0] AndroidManifest.xml:12:13-14:85
100                android:name="com.google.firebase.components:com.google.mlkit.vision.text.internal.TextRegistrar"
100-->[com.google.android.gms:play-services-mlkit-text-recognition:16.3.0] AndroidManifest.xml:13:17-114
101                android:value="com.google.firebase.components.ComponentRegistrar" />
101-->[com.google.android.gms:play-services-mlkit-text-recognition:16.3.0] AndroidManifest.xml:14:17-82
102            <meta-data
102-->[com.google.mlkit:vision-common:17.3.0] AndroidManifest.xml:12:13-14:85
103                android:name="com.google.firebase.components:com.google.mlkit.vision.common.internal.VisionCommonRegistrar"
103-->[com.google.mlkit:vision-common:17.3.0] AndroidManifest.xml:13:17-124
104                android:value="com.google.firebase.components.ComponentRegistrar" />
104-->[com.google.mlkit:vision-common:17.3.0] AndroidManifest.xml:14:17-82
105            <meta-data
105-->[com.google.mlkit:common:18.9.0] AndroidManifest.xml:20:13-22:85
106                android:name="com.google.firebase.components:com.google.mlkit.common.internal.CommonComponentRegistrar"
106-->[com.google.mlkit:common:18.9.0] AndroidManifest.xml:21:17-120
107                android:value="com.google.firebase.components.ComponentRegistrar" />
107-->[com.google.mlkit:common:18.9.0] AndroidManifest.xml:22:17-82
108        </service>
109
110        <provider
110-->[com.google.mlkit:common:18.9.0] AndroidManifest.xml:9:9-13:38
111            android:name="com.google.mlkit.common.internal.MlKitInitProvider"
111-->[com.google.mlkit:common:18.9.0] AndroidManifest.xml:10:13-78
112            android:authorities="com.fintrackvirtualtech.mlkitinitprovider"
112-->[com.google.mlkit:common:18.9.0] AndroidManifest.xml:11:13-69
113            android:exported="false"
113-->[com.google.mlkit:common:18.9.0] AndroidManifest.xml:12:13-37
114            android:initOrder="99" />
114-->[com.google.mlkit:common:18.9.0] AndroidManifest.xml:13:13-35
115
116        <activity
116-->[com.google.android.gms:play-services-base:18.1.0] AndroidManifest.xml:20:9-22:45
117            android:name="com.google.android.gms.common.api.GoogleApiActivity"
117-->[com.google.android.gms:play-services-base:18.1.0] AndroidManifest.xml:20:19-85
118            android:exported="false"
118-->[com.google.android.gms:play-services-base:18.1.0] AndroidManifest.xml:22:19-43
119            android:theme="@android:style/Theme.Translucent.NoTitleBar" />
119-->[com.google.android.gms:play-services-base:18.1.0] AndroidManifest.xml:21:19-78
120
121        <meta-data
121-->[com.google.android.gms:play-services-basement:18.1.0] AndroidManifest.xml:21:9-23:69
122            android:name="com.google.android.gms.version"
122-->[com.google.android.gms:play-services-basement:18.1.0] AndroidManifest.xml:22:13-58
123            android:value="@integer/google_play_services_version" />
123-->[com.google.android.gms:play-services-basement:18.1.0] AndroidManifest.xml:23:13-66
124
125        <provider
125-->[androidx.emoji2:emoji2:1.2.0] AndroidManifest.xml:24:9-32:20
126            android:name="androidx.startup.InitializationProvider"
126-->[androidx.emoji2:emoji2:1.2.0] AndroidManifest.xml:25:13-67
127            android:authorities="com.fintrackvirtualtech.androidx-startup"
127-->[androidx.emoji2:emoji2:1.2.0] AndroidManifest.xml:26:13-68
128            android:exported="false" >
128-->[androidx.emoji2:emoji2:1.2.0] AndroidManifest.xml:27:13-37
129            <meta-data
129-->[androidx.emoji2:emoji2:1.2.0] AndroidManifest.xml:29:13-31:52
130                android:name="androidx.emoji2.text.EmojiCompatInitializer"
130-->[androidx.emoji2:emoji2:1.2.0] AndroidManifest.xml:30:17-75
131                android:value="androidx.startup" />
131-->[androidx.emoji2:emoji2:1.2.0] AndroidManifest.xml:31:17-49
132            <meta-data
132-->[androidx.lifecycle:lifecycle-process:2.6.2] AndroidManifest.xml:29:13-31:52
133                android:name="androidx.lifecycle.ProcessLifecycleInitializer"
133-->[androidx.lifecycle:lifecycle-process:2.6.2] AndroidManifest.xml:30:17-78
134                android:value="androidx.startup" />
134-->[androidx.lifecycle:lifecycle-process:2.6.2] AndroidManifest.xml:31:17-49
135            <meta-data
135-->[androidx.profileinstaller:profileinstaller:1.3.0] AndroidManifest.xml:29:13-31:52
136                android:name="androidx.profileinstaller.ProfileInstallerInitializer"
136-->[androidx.profileinstaller:profileinstaller:1.3.0] AndroidManifest.xml:30:17-85
137                android:value="androidx.startup" />
137-->[androidx.profileinstaller:profileinstaller:1.3.0] AndroidManifest.xml:31:17-49
138        </provider>
139
140        <receiver
140-->[androidx.profileinstaller:profileinstaller:1.3.0] AndroidManifest.xml:34:9-52:20
141            android:name="androidx.profileinstaller.ProfileInstallReceiver"
141-->[androidx.profileinstaller:profileinstaller:1.3.0] AndroidManifest.xml:35:13-76
142            android:directBootAware="false"
142-->[androidx.profileinstaller:profileinstaller:1.3.0] AndroidManifest.xml:36:13-44
143            android:enabled="true"
143-->[androidx.profileinstaller:profileinstaller:1.3.0] AndroidManifest.xml:37:13-35
144            android:exported="true"
144-->[androidx.profileinstaller:profileinstaller:1.3.0] AndroidManifest.xml:38:13-36
145            android:permission="android.permission.DUMP" >
145-->[androidx.profileinstaller:profileinstaller:1.3.0] AndroidManifest.xml:39:13-57
146            <intent-filter>
146-->[androidx.profileinstaller:profileinstaller:1.3.0] AndroidManifest.xml:40:13-42:29
147                <action android:name="androidx.profileinstaller.action.INSTALL_PROFILE" />
147-->[androidx.profileinstaller:profileinstaller:1.3.0] AndroidManifest.xml:41:17-91
147-->[androidx.profileinstaller:profileinstaller:1.3.0] AndroidManifest.xml:41:25-88
148            </intent-filter>
149            <intent-filter>
149-->[androidx.profileinstaller:profileinstaller:1.3.0] AndroidManifest.xml:43:13-45:29
150                <action android:name="androidx.profileinstaller.action.SKIP_FILE" />
150-->[androidx.profileinstaller:profileinstaller:1.3.0] AndroidManifest.xml:44:17-85
150-->[androidx.profileinstaller:profileinstaller:1.3.0] AndroidManifest.xml:44:25-82
151            </intent-filter>
152            <intent-filter>
152-->[androidx.profileinstaller:profileinstaller:1.3.0] AndroidManifest.xml:46:13-48:29
153                <action android:name="androidx.profileinstaller.action.SAVE_PROFILE" />
153-->[androidx.profileinstaller:profileinstaller:1.3.0] AndroidManifest.xml:47:17-88
153-->[androidx.profileinstaller:profileinstaller:1.3.0] AndroidManifest.xml:47:25-85
154            </intent-filter>
155            <intent-filter>
155-->[androidx.profileinstaller:profileinstaller:1.3.0] AndroidManifest.xml:49:13-51:29
156                <action android:name="androidx.profileinstaller.action.BENCHMARK_OPERATION" />
156-->[androidx.profileinstaller:profileinstaller:1.3.0] AndroidManifest.xml:50:17-95
156-->[androidx.profileinstaller:profileinstaller:1.3.0] AndroidManifest.xml:50:25-92
157            </intent-filter>
158        </receiver>
159
160        <service
160-->[com.google.android.datatransport:transport-backend-cct:2.3.3] AndroidManifest.xml:29:9-35:19
161            android:name="com.google.android.datatransport.runtime.backends.TransportBackendDiscovery"
161-->[com.google.android.datatransport:transport-backend-cct:2.3.3] AndroidManifest.xml:30:13-103
162            android:exported="false" >
162-->[com.google.android.datatransport:transport-backend-cct:2.3.3] AndroidManifest.xml:31:13-37
163            <meta-data
163-->[com.google.android.datatransport:transport-backend-cct:2.3.3] AndroidManifest.xml:32:13-34:39
164                android:name="backend:com.google.android.datatransport.cct.CctBackendFactory"
164-->[com.google.android.datatransport:transport-backend-cct:2.3.3] AndroidManifest.xml:33:17-94
165                android:value="cct" />
165-->[com.google.android.datatransport:transport-backend-cct:2.3.3] AndroidManifest.xml:34:17-36
166        </service>
167        <service
167-->[com.google.android.datatransport:transport-runtime:2.2.6] AndroidManifest.xml:26:9-30:19
168            android:name="com.google.android.datatransport.runtime.scheduling.jobscheduling.JobInfoSchedulerService"
168-->[com.google.android.datatransport:transport-runtime:2.2.6] AndroidManifest.xml:27:13-117
169            android:exported="false"
169-->[com.google.android.datatransport:transport-runtime:2.2.6] AndroidManifest.xml:28:13-37
170            android:permission="android.permission.BIND_JOB_SERVICE" >
170-->[com.google.android.datatransport:transport-runtime:2.2.6] AndroidManifest.xml:29:13-69
171        </service>
172
173        <receiver
173-->[com.google.android.datatransport:transport-runtime:2.2.6] AndroidManifest.xml:32:9-34:40
174            android:name="com.google.android.datatransport.runtime.scheduling.jobscheduling.AlarmManagerSchedulerBroadcastReceiver"
174-->[com.google.android.datatransport:transport-runtime:2.2.6] AndroidManifest.xml:33:13-132
175            android:exported="false" />
175-->[com.google.android.datatransport:transport-runtime:2.2.6] AndroidManifest.xml:34:13-37
176
177        <meta-data
177-->[com.facebook.soloader:soloader:0.10.5] AndroidManifest.xml:12:9-14:37
178            android:name="com.facebook.soloader.enabled"
178-->[com.facebook.soloader:soloader:0.10.5] AndroidManifest.xml:13:13-57
179            android:value="false" />
179-->[com.facebook.soloader:soloader:0.10.5] AndroidManifest.xml:14:13-34
180    </application>
181
182</manifest>